<?xml version="1.0" encoding="UTF-8"?>
<!-- Generated by org.testng.reporters.JUnitReportReporter -->
<testsuite hostname="DESKTOP-D8G3ELB" failures="0" tests="3" name="testingbaba_test.FileUpload_Test" time="22.832" errors="0" timestamp="2023-05-25T11:41:52 IST" skipped="0">
  <testcase classname="testingbaba_test.FileUpload_Test" name="clickon_element" time="4.018"/>
  <system-out/>
  <testcase classname="testingbaba_test.FileUpload_Test" name="ToVerifyclickonupload" time="2.583"/>
  <system-out/>
  <testcase classname="testingbaba_test.FileUpload_Test" name="clickon_selectfile" time="16.231"/>
  <system-out/>
</testsuite> <!-- testingbaba_test.FileUpload_Test -->
