<?xml version="1.0" encoding="UTF-8"?>
<!-- Generated by org.testng.reporters.JUnitReportReporter -->
<testsuite hostname="DESKTOP-MEB0TKK" failures="0" tests="5" name="testingbaba_test.Button_Test" time="3.236" errors="0" timestamp="2023-04-04T17:13:40 IST" skipped="0">
  <testcase classname="testingbaba_test.Button_Test" name="clickonelement" time="0.196"/>
  <system-out/>
  <testcase classname="testingbaba_test.Button_Test" name="clickonbuttons" time="2.213"/>
  <system-out/>
  <testcase classname="testingbaba_test.Button_Test" name="performDoubleclick_rightclick" time="0.501"/>
  <system-out/>
  <testcase classname="testingbaba_test.Button_Test" name="doubletext" time="0.162"/>
  <system-out/>
  <testcase classname="testingbaba_test.Button_Test" name="righttext" time="0.164"/>
  <system-out/>
</testsuite> <!-- testingbaba_test.Button_Test -->
