<?xml version="1.0" encoding="UTF-8"?>
<!-- Generated by org.testng.reporters.JUnitReportReporter -->
<testsuite hostname="DESKTOP-D8G3ELB" failures="0" tests="6" name="testingbaba_test.SelectMenu_Test" time="5.077" errors="0" timestamp="2023-05-17T18:31:53 IST" skipped="0">
  <testcase classname="testingbaba_test.SelectMenu_Test" name="clickonselectwidget" time="0.217"/>
  <system-out/>
  <testcase classname="testingbaba_test.SelectMenu_Test" name="clickonselectmenu" time="2.222"/>
  <system-out/>
  <testcase classname="testingbaba_test.SelectMenu_Test" name="selectdropdown" time="0.455"/>
  <system-out/>
  <testcase classname="testingbaba_test.SelectMenu_Test" name="select_one" time="0.399"/>
  <system-out/>
  <testcase classname="testingbaba_test.SelectMenu_Test" name="selectold_menu" time="0.246"/>
  <system-out/>
  <testcase classname="testingbaba_test.SelectMenu_Test" name="select_multiple" time="1.538"/>
  <system-out/>
</testsuite> <!-- testingbaba_test.SelectMenu_Test -->
