<?xml version="1.0" encoding="UTF-8"?>
<!-- Generated by org.testng.reporters.JUnitReportReporter -->
<testsuite hostname="DESKTOP-MEB0TKK" failures="0" tests="5" name="testingbaba_test.CheckBox_Test" time="1.042" errors="0" timestamp="2023-04-04T17:13:40 IST" skipped="0">
  <testcase classname="testingbaba_test.CheckBox_Test" name="clickonelement" time="0.189"/>
  <system-out/>
  <testcase classname="testingbaba_test.CheckBox_Test" name="clickoncheckbox" time="0.234"/>
  <system-out/>
  <testcase classname="testingbaba_test.CheckBox_Test" name="clickonmobile" time="0.338"/>
  <system-out/>
  <testcase classname="testingbaba_test.CheckBox_Test" name="clickonlaptop" time="0.101"/>
  <system-out/>
  <testcase classname="testingbaba_test.CheckBox_Test" name="clickondesktop" time="0.180"/>
  <system-out/>
</testsuite> <!-- testingbaba_test.CheckBox_Test -->
