<?xml version="1.0" encoding="UTF-8"?>
<!-- Generated by org.testng.reporters.JUnitReportReporter -->
<testsuite hostname="DESKTOP-MEB0TKK" failures="0" tests="1" name="testingbaba_test.Logintest" time="0.271" errors="0" timestamp="2023-04-04T17:13:40 IST" skipped="0">
  <testcase classname="testingbaba_test.Logintest" name="getTitle_testingbaba" time="0.271"/>
  <system-out/>
</testsuite> <!-- testingbaba_test.Logintest -->
